This is pdfTeX, Version 3.14159265-2.6-1.40.15 (TeX Live 2014) (preloaded format=pdflatex 2014.7.15)  28 JAN 2015 13:46
entering extended mode
 restricted \write18 enabled.
 file:line:error style messages enabled.
 %&-line parsing enabled.
**9.3.Act4.tex
(./9.3.Act4.tex
LaTeX2e <2014/05/01>
Babel <3.9k> and hyphenation patterns for 79 languages loaded.

./9.3.Act4.tex:1: LaTeX Error: Environment activity undefined.

See the LaTeX manual or LaTeX Companion for explanation.
Type  H <return>  for immediate help.
 ...                                              
                                                  
l.1 \begin{activity}
                     \label{A:9.3.4}  Let $\vu = \langle 2, 6 \rangle$ and $...

? 
./9.3.Act4.tex:1: Emergency stop.
 ...                                              
                                                  
l.1 \begin{activity}
                     \label{A:9.3.4}  Let $\vu = \langle 2, 6 \rangle$ and $...

Your command was ignored.
Type  I <command> <return>  to replace it with another command,
or  <return>  to continue without it.

 
Here is how much of TeX's memory you used:
 7 strings out of 493108
 278 string characters out of 6134847
 52957 words of memory out of 5000000
 3570 multiletter control sequences out of 15000+600000
 3640 words of font info for 14 fonts, out of 8000000 for 9000
 1141 hyphenation exceptions out of 8191
 5i,0n,4p,352b,16s stack positions out of 5000i,500n,10000p,200000b,80000s
./9.3.Act4.tex:1:  ==> Fatal error occurred, no output PDF file produced!
