\BOOKMARK [0][-]{chapter*.2}{Preface}{}% 1
\BOOKMARK [0][-]{chapter.9}{Multivariable and Vector Functions}{}% 2
\BOOKMARK [1][-]{section.9.1}{Functions of Several Variables and Three Dimensional Space}{chapter.9}% 3
\BOOKMARK [1][-]{section.9.2}{Vectors}{chapter.9}% 4
\BOOKMARK [1][-]{section.9.3}{The Dot Product}{chapter.9}% 5
\BOOKMARK [1][-]{section.9.4}{The Cross Product}{chapter.9}% 6
\BOOKMARK [1][-]{section.9.5}{Lines and Planes in Space}{chapter.9}% 7
\BOOKMARK [1][-]{section.9.6}{Vector-Valued Functions}{chapter.9}% 8
\BOOKMARK [1][-]{section.9.7}{Derivatives and Integrals of Vector-Valued Functions}{chapter.9}% 9
\BOOKMARK [1][-]{section.9.8}{Arc Length and Curvature}{chapter.9}% 10
\BOOKMARK [0][-]{chapter.10}{Derivatives of Multivariable Functions}{}% 11
\BOOKMARK [1][-]{section.10.1}{Limits}{chapter.10}% 12
\BOOKMARK [1][-]{section.10.2}{First-Order Partial Derivatives}{chapter.10}% 13
\BOOKMARK [1][-]{section.10.3}{Second-Order Partial Derivatives}{chapter.10}% 14
\BOOKMARK [1][-]{section.10.4}{Linearization: Tangent Planes and Differentials}{chapter.10}% 15
\BOOKMARK [1][-]{section.10.5}{The Chain Rule}{chapter.10}% 16
\BOOKMARK [1][-]{section.10.6}{Directional Derivatives and the Gradient}{chapter.10}% 17
\BOOKMARK [1][-]{section.10.7}{Optimization}{chapter.10}% 18
\BOOKMARK [1][-]{section.10.8}{Constrained Optimization:Lagrange Multipliers}{chapter.10}% 19
\BOOKMARK [0][-]{chapter.11}{Multiple Integrals}{}% 20
\BOOKMARK [1][-]{section.11.1}{Double Riemann Sums and Double Integrals over Rectangles}{chapter.11}% 21
\BOOKMARK [1][-]{section.11.2}{Iterated Integrals}{chapter.11}% 22
\BOOKMARK [1][-]{section.11.3}{Double Integrals over General Regions}{chapter.11}% 23
\BOOKMARK [1][-]{section.11.4}{Applications of Double Integrals}{chapter.11}% 24
\BOOKMARK [1][-]{section.11.5}{Double Integrals in Polar Coordinates}{chapter.11}% 25
\BOOKMARK [1][-]{section.11.6}{Surfaces Defined Parametrically and Surface Area}{chapter.11}% 26
\BOOKMARK [1][-]{section.11.7}{Triple Integrals}{chapter.11}% 27
\BOOKMARK [1][-]{section.11.8}{Triple Integrals in Cylindrical and Spherical Coordinates}{chapter.11}% 28
\BOOKMARK [1][-]{section.11.9}{Change of Variables}{chapter.11}% 29
